2023-05-17 10:16:28,103 ERROR icssploit.exceptions       Unknown command: 'helo'
Traceback (most recent call last):
  File "/home/kali/Desktop/github/icssploit/icssploit/interpreter.py", line 73, in get_command_handler
    command_handler = getattr(self, "command_{}".format(command))
                      ^^^^^^^^^^^^^^^^^^^^^^^^^^^^^^^^^^^^^^^^^^^
AttributeError: 'IcssploitInterpreter' object has no attribute 'command_helo'

During handling of the above exception, another exception occurred:

Traceback (most recent call last):
  File "/home/kali/Desktop/github/icssploit/icssploit/interpreter.py", line 76, in get_command_handler
    command_handler = getattr(self.current_module, "command_{}".format(command))
                      ^^^^^^^^^^^^^^^^^^^^^^^^^^^^^^^^^^^^^^^^^^^^^^^^^^^^^^^^^^
AttributeError: 'NoneType' object has no attribute 'command_helo'
2023-05-18 10:02:51,796 ERROR icssploit.exceptions       Unknown command: 'options'
Traceback (most recent call last):
  File "/home/kali/Desktop/github/icssploit/icssploit/interpreter.py", line 73, in get_command_handler
    command_handler = getattr(self, "command_{}".format(command))
                      ^^^^^^^^^^^^^^^^^^^^^^^^^^^^^^^^^^^^^^^^^^^
AttributeError: 'IcssploitInterpreter' object has no attribute 'command_options'

During handling of the above exception, another exception occurred:

Traceback (most recent call last):
  File "/home/kali/Desktop/github/icssploit/icssploit/interpreter.py", line 76, in get_command_handler
    command_handler = getattr(self.current_module, "command_{}".format(command))
                      ^^^^^^^^^^^^^^^^^^^^^^^^^^^^^^^^^^^^^^^^^^^^^^^^^^^^^^^^^^
AttributeError: 'Exploit' object has no attribute 'command_options'
2023-05-18 10:03:32,165 ERROR icssploit.exceptions       Unknown command: 'info'
Traceback (most recent call last):
  File "/home/kali/Desktop/github/icssploit/icssploit/interpreter.py", line 73, in get_command_handler
    command_handler = getattr(self, "command_{}".format(command))
                      ^^^^^^^^^^^^^^^^^^^^^^^^^^^^^^^^^^^^^^^^^^^
AttributeError: 'IcssploitInterpreter' object has no attribute 'command_info'

During handling of the above exception, another exception occurred:

Traceback (most recent call last):
  File "/home/kali/Desktop/github/icssploit/icssploit/interpreter.py", line 76, in get_command_handler
    command_handler = getattr(self.current_module, "command_{}".format(command))
                      ^^^^^^^^^^^^^^^^^^^^^^^^^^^^^^^^^^^^^^^^^^^^^^^^^^^^^^^^^^
AttributeError: 'Exploit' object has no attribute 'command_info'
